============================= test session starts ==============================
platform linux -- Python 3.10.12, pytest-8.3.4, pluggy-1.5.0
rootdir: /home/hpm-mv/Documents/algorithms
configfile: pytest.ini
testpaths: tests
plugins: launch-testing-1.0.7, ament-flake8-0.12.11, ament-pep257-0.12.11, ament-copyright-0.12.11, ament-lint-0.12.11, launch-testing-ros-0.19.8, ament-xmllint-0.12.11, typeguard-4.4.2, run-parallel-0.3.1, xdist-3.6.1, cov-6.0.0
created: 32/32 workers
32 workers [416 items]

.............................................................F.......... [ 17%]
...F.................................................................... [ 34%]
........................................................................ [ 51%]
........................................................................ [ 69%]
........................................................................ [ 86%]
........................................................                 [100%]
=================================== FAILURES ===================================
___________________ TestSummaryRanges.test_summarize_ranges ____________________
[gw7] linux -- Python 3.10.12 /home/hpm-mv/Documents/algorithms/.venv/bin/python3

self = <test_array.TestSummaryRanges testMethod=test_summarize_ranges>

    def test_summarize_ranges(self):
    
>       self.assertListEqual(summarize_ranges([0, 1, 2, 4, 5, 7]),
                             [(0, 2), (4, 5), (7, 7)])
E       AssertionError: Lists differ: ['0-2', '4-5', '7'] != [(0, 2), (4, 5), (7, 7)]
E       
E       First differing element 0:
E       '0-2'
E       (0, 2)
E       
E       - ['0-2', '4-5', '7']
E       + [(0, 2), (4, 5), (7, 7)]

tests/test_array.py:349: AssertionError
__________________ TestRemoveDuplicate.test_remove_duplicates __________________
[gw6] linux -- Python 3.10.12 /home/hpm-mv/Documents/algorithms/.venv/bin/python3

self = <test_array.TestRemoveDuplicate testMethod=test_remove_duplicates>

    def test_remove_duplicates(self):
>       self.assertListEqual(remove_duplicates([1,1,1,2,2,2,3,3,4,4,5,6,7,7,7,8,8,9,10,10]))
E       TypeError: TestCase.assertListEqual() missing 1 required positional argument: 'list2'

tests/test_array.py:305: TypeError

---------- coverage: platform linux, python 3.10.12-final-0 ----------
Coverage HTML written to dir htmlcov

=========================== short test summary info ============================
FAILED tests/test_array.py::TestSummaryRanges::test_summarize_ranges - Assert...
FAILED tests/test_array.py::TestRemoveDuplicate::test_remove_duplicates - Typ...
======================== 2 failed, 414 passed in 3.49s =========================
