============================= test session starts ==============================
platform linux -- Python 3.10.12, pytest-8.3.4, pluggy-1.5.0
rootdir: /home/hpm-mv/Documents/algorithms
configfile: pytest.ini
testpaths: tests
plugins: launch-testing-1.0.7, ament-flake8-0.12.11, ament-pep257-0.12.11, ament-copyright-0.12.11, ament-lint-0.12.11, launch-testing-ros-0.19.8, ament-xmllint-0.12.11, typeguard-4.4.2, run-parallel-0.3.1, xdist-3.6.1, cov-6.0.0
created: 1/1 worker
1 worker [416 items]

..................F...F................................................. [ 17%]
...............F........................................................ [ 34%]
........FF..............F............................................... [ 51%]
........................................................................ [ 69%]
........................................................................ [ 86%]
........................................................                 [100%]
=================================== FAILURES ===================================
__________________ TestRemoveDuplicate.test_remove_duplicates __________________
[gw0] linux -- Python 3.10.12 /home/hpm-mv/Documents/algorithms/.venv/bin/python3

self = <test_array.TestRemoveDuplicate testMethod=test_remove_duplicates>

    def test_remove_duplicates(self):
>       self.assertListEqual(remove_duplicates([1,1,1,2,2,2,3,3,4,4,5,6,7,7,7,8,8,9,10,10]))
E       TypeError: TestCase.assertListEqual() missing 1 required positional argument: 'list2'

tests/test_array.py:305: TypeError
___________________ TestSummaryRanges.test_summarize_ranges ____________________
[gw0] linux -- Python 3.10.12 /home/hpm-mv/Documents/algorithms/.venv/bin/python3

self = <test_array.TestSummaryRanges testMethod=test_summarize_ranges>

    def test_summarize_ranges(self):
    
>       self.assertListEqual(summarize_ranges([0, 1, 2, 4, 5, 7]),
                             [(0, 2), (4, 5), (7, 7)])
E       AssertionError: Lists differ: ['0-2', '4-5', '7'] != [(0, 2), (4, 5), (7, 7)]
E       
E       First differing element 0:
E       '0-2'
E       (0, 2)
E       
E       - ['0-2', '4-5', '7']
E       + [(0, 2), (4, 5), (7, 7)]

tests/test_array.py:349: AssertionError
____________________ TestHuffmanCoding.test_huffman_coding _____________________
[gw0] linux -- Python 3.10.12 /home/hpm-mv/Documents/algorithms/.venv/bin/python3

self = <test_compression.TestHuffmanCoding testMethod=test_huffman_coding>

    def test_huffman_coding(self):
        HuffmanCoding.encode_file(self.file_in_name, self.file_out_bin_name)
        HuffmanCoding.decode_file(self.file_out_bin_name, self.file_out_name)
    
        with open(self.file_in_name, "rb") as file_1, open(self.file_out_name, "rb") as file_2:
            content_1 = file_1.read()
            content_2 = file_2.read()
    
>           self.assertEqual(content_1, content_2)
E           AssertionError: b'G\xf4\xb2\xda\x9c/4?\xf8\x8b\x17B\x98Z\xe[28793 chars]qE]?' != b'\x00\x00\x00\x00\x00\x00\x00\x00\x00\x00\[37915 chars]qE]?'

tests/test_compression.py:30: AssertionError
----------------------------- Captured stdout call -----------------------------
File encoded.
File decoded.
File encoded.
File decoded.
File encoded.
File decoded.
File encoded.
File encoded.
File encoded.
File encoded.
File encoded.
File encoded.
File encoded.
File encoded.
File encoded.
File encoded.
File encoded.
File encoded.
File encoded.
File encoded.
File encoded.
File encoded.
File encoded.
File encoded.
File encoded.
File encoded.
File encoded.
File encoded.
File encoded.
File encoded.
File encoded.
File encoded.
File encoded.
File encoded.
File encoded.
File decoded.
File decoded.
File decoded.
File decoded.
File decoded.
File decoded.
File decoded.
File decoded.
File decoded.
File decoded.
File decoded.
File decoded.
File decoded.
File decoded.
File decoded.
File decoded.
File decoded.
File decoded.
File decoded.
File decoded.
File decoded.
File decoded.
File decoded.
File decoded.
File decoded.
File decoded.
File decoded.
File decoded.File decoded.

__________________________ TestBinaryHeap.test_insert __________________________
[gw0] linux -- Python 3.10.12 /home/hpm-mv/Documents/algorithms/.venv/bin/python3

self = <test_heap.TestBinaryHeap testMethod=test_insert>

    def test_insert(self):
        # Before insert 2: [0, 4, 50, 7, 55, 90, 87]
        # After insert:  [0, 2, 50, 4, 55, 90, 87, 7]
        self.min_heap.insert(2)
>       self.assertEqual([0, 2, 50, 4, 55, 90, 87, 7],
                         self.min_heap.heap)
E       AssertionError: Lists differ: [0, 2, 50, 4, 55, 90, 87, 7] != [0, 2, 2, 4, 50, 90, 87, 7, 55]
E       
E       First differing element 2:
E       50
E       2
E       
E       Second list contains 1 additional elements.
E       First extra element 8:
E       55
E       
E       - [0, 2, 50, 4, 55, 90, 87, 7]
E       + [0, 2, 2, 4, 50, 90, 87, 7, 55]

tests/test_heap.py:29: AssertionError
________________________ TestBinaryHeap.test_remove_min ________________________
[gw0] linux -- Python 3.10.12 /home/hpm-mv/Documents/algorithms/.venv/bin/python3

self = <test_heap.TestBinaryHeap testMethod=test_remove_min>

    def test_remove_min(self):
        ret = self.min_heap.remove_min()
        # Before remove_min : [0, 4, 50, 7, 55, 90, 87]
        # After remove_min: [7, 50, 87, 55, 90]
        # Test return value
>       self.assertEqual(4, ret)
E       AssertionError: 4 != 7

tests/test_heap.py:38: AssertionError
_________________________ TestSuite.test_is_palindrome _________________________
[gw0] linux -- Python 3.10.12 /home/hpm-mv/Documents/algorithms/.venv/bin/python3

self = <test_linkedlist.TestSuite testMethod=test_is_palindrome>

    def test_is_palindrome(self):
>       self.assertTrue(is_palindrome(self.l))
E       AssertionError: False is not true

tests/test_linkedlist.py:167: AssertionError

---------- coverage: platform linux, python 3.10.12-final-0 ----------
Coverage HTML written to dir htmlcov

=========================== short test summary info ============================
FAILED tests/test_array.py::TestRemoveDuplicate::test_remove_duplicates - Typ...
FAILED tests/test_array.py::TestSummaryRanges::test_summarize_ranges - Assert...
FAILED tests/test_compression.py::TestHuffmanCoding::test_huffman_coding - As...
FAILED tests/test_heap.py::TestBinaryHeap::test_insert - AssertionError: List...
FAILED tests/test_heap.py::TestBinaryHeap::test_remove_min - AssertionError: ...
FAILED tests/test_linkedlist.py::TestSuite::test_is_palindrome - AssertionErr...
================== 6 failed, 410 passed in 402.68s (0:06:42) ===================
